<?xml version="1.0" encoding="UTF-8"?>
<testsuite name="banking.CDAccountsTest" tests="2" skipped="0" failures="0" errors="0" timestamp="2024-01-15T04:21:29" hostname="Vanshs-MacBook-Pro.local" time="0.001">
  <properties/>
  <testcase name="create_an_account()" classname="banking.CDAccountsTest" time="0.0"/>
  <testcase name="amount_is_same_as_provided()" classname="banking.CDAccountsTest" time="0.0"/>
  <system-out><![CDATA[]]></system-out>
  <system-err><![CDATA[]]></system-err>
</testsuite>
