<?xml version="1.0" encoding="UTF-8"?>
<testsuite name="banking.DepositValidatorTest" tests="4" skipped="0" failures="0" errors="0" timestamp="2024-01-15T04:21:29" hostname="Vanshs-MacBook-Pro.local" time="0.001">
  <properties/>
  <testcase name="deposit_command_is_valid()" classname="banking.DepositValidatorTest" time="0.0"/>
  <testcase name="deposit_amount_valid()" classname="banking.DepositValidatorTest" time="0.0"/>
  <testcase name="deposit_id_valid()" classname="banking.DepositValidatorTest" time="0.0"/>
  <testcase name="deposit_valid()" classname="banking.DepositValidatorTest" time="0.0"/>
  <system-out><![CDATA[]]></system-out>
  <system-err><![CDATA[]]></system-err>
</testsuite>
